2022-10-02 17:16:36.857  INFO 5860 --- [main] c.f.biteclass1.BiteClass1Application     : Starting BiteClass1Application using Java 15.0.2 on DESKTOP-24TA0GO with PID 5860 (C:\Users\11195\IdeaProjects\JavaEE_advanced\biteClass1\target\classes started by 11195 in C:\Users\11195\IdeaProjects\JavaEE_advanced\biteClass1)
2022-10-02 17:16:36.862  INFO 5860 --- [main] c.f.biteclass1.BiteClass1Application     : No active profile set, falling back to 1 default profile: "default"
2022-10-02 17:16:38.088  INFO 5860 --- [main] o.s.b.w.embedded.tomcat.TomcatWebServer  : Tomcat initialized with port(s): 80 (http)
2022-10-02 17:16:38.106  INFO 5860 --- [main] o.apache.catalina.core.StandardService   : Starting service [Tomcat]
2022-10-02 17:16:38.106  INFO 5860 --- [main] org.apache.catalina.core.StandardEngine  : Starting Servlet engine: [Apache Tomcat/9.0.65]
2022-10-02 17:16:38.285  INFO 5860 --- [main] o.a.c.c.C.[Tomcat].[localhost].[/]       : Initializing Spring embedded WebApplicationContext
2022-10-02 17:16:38.286  INFO 5860 --- [main] w.s.c.ServletWebServerApplicationContext : Root WebApplicationContext: initialization completed in 1372 ms
2022-10-02 17:16:38.508  INFO 5860 --- [main] c.a.d.s.b.a.DruidDataSourceAutoConfigure : Init DruidDataSource
2022-10-02 17:16:38.643  INFO 5860 --- [main] com.alibaba.druid.pool.DruidDataSource   : {dataSource-1} inited
2022-10-02 17:16:39.276  INFO 5860 --- [main] o.s.b.w.embedded.tomcat.TomcatWebServer  : Tomcat started on port(s): 80 (http) with context path ''
2022-10-02 17:16:39.287  INFO 5860 --- [main] c.f.biteclass1.BiteClass1Application     : Started BiteClass1Application in 2.992 seconds (JVM running for 3.984)
2022-10-02 17:16:42.888  INFO 5860 --- [http-nio-80-exec-2] o.a.c.c.C.[Tomcat].[localhost].[/]       : Initializing Spring DispatcherServlet 'dispatcherServlet'
2022-10-02 17:16:42.889  INFO 5860 --- [http-nio-80-exec-2] o.s.web.servlet.DispatcherServlet        : Initializing Servlet 'dispatcherServlet'
2022-10-02 17:16:42.890  INFO 5860 --- [http-nio-80-exec-2] o.s.web.servlet.DispatcherServlet        : Completed initialization in 1 ms
2022-10-02 17:16:42.925 TRACE 5860 --- [http-nio-80-exec-2] c.f.b.Controller.UserController          : trace
2022-10-02 17:16:42.926  WARN 5860 --- [http-nio-80-exec-2] c.f.b.Controller.UserController          : warn
2022-10-02 17:18:43.472 TRACE 5860 --- [http-nio-80-exec-4] c.f.b.Controller.UserController          : trace
2022-10-02 17:18:43.473  WARN 5860 --- [http-nio-80-exec-4] c.f.b.Controller.UserController          : warn
2022-10-02 17:19:21.476  INFO 5860 --- [SpringApplicationShutdownHook] com.alibaba.druid.pool.DruidDataSource   : {dataSource-1} closing ...
2022-10-02 17:19:21.478  INFO 5860 --- [SpringApplicationShutdownHook] com.alibaba.druid.pool.DruidDataSource   : {dataSource-1} closed
2022-10-02 17:44:15.528  INFO 22116 --- [main] c.f.biteclass1.BiteClass1Application     : Starting BiteClass1Application using Java 15.0.2 on DESKTOP-24TA0GO with PID 22116 (C:\Users\11195\IdeaProjects\JavaEE_advanced\biteClass1\target\classes started by 11195 in C:\Users\11195\IdeaProjects\JavaEE_advanced\biteClass1)
2022-10-02 17:44:15.531  INFO 22116 --- [main] c.f.biteclass1.BiteClass1Application     : No active profile set, falling back to 1 default profile: "default"
2022-10-02 17:44:16.706  INFO 22116 --- [main] o.s.b.w.embedded.tomcat.TomcatWebServer  : Tomcat initialized with port(s): 80 (http)
2022-10-02 17:44:16.716  INFO 22116 --- [main] o.apache.catalina.core.StandardService   : Starting service [Tomcat]
2022-10-02 17:44:16.717  INFO 22116 --- [main] org.apache.catalina.core.StandardEngine  : Starting Servlet engine: [Apache Tomcat/9.0.65]
2022-10-02 17:44:16.862  INFO 22116 --- [main] o.a.c.c.C.[Tomcat].[localhost].[/]       : Initializing Spring embedded WebApplicationContext
2022-10-02 17:44:16.863  INFO 22116 --- [main] w.s.c.ServletWebServerApplicationContext : Root WebApplicationContext: initialization completed in 1287 ms
2022-10-02 17:44:17.044  INFO 22116 --- [main] c.a.d.s.b.a.DruidDataSourceAutoConfigure : Init DruidDataSource
2022-10-02 17:44:17.168  INFO 22116 --- [main] com.alibaba.druid.pool.DruidDataSource   : {dataSource-1} inited
2022-10-02 17:44:17.773  INFO 22116 --- [main] o.s.b.w.embedded.tomcat.TomcatWebServer  : Tomcat started on port(s): 80 (http) with context path ''
2022-10-02 17:44:17.783  INFO 22116 --- [main] c.f.biteclass1.BiteClass1Application     : Started BiteClass1Application in 2.766 seconds (JVM running for 3.792)
2022-10-02 17:44:31.997  INFO 22116 --- [http-nio-80-exec-2] o.a.c.c.C.[Tomcat].[localhost].[/]       : Initializing Spring DispatcherServlet 'dispatcherServlet'
2022-10-02 17:44:31.997  INFO 22116 --- [http-nio-80-exec-2] o.s.web.servlet.DispatcherServlet        : Initializing Servlet 'dispatcherServlet'
2022-10-02 17:44:31.998  INFO 22116 --- [http-nio-80-exec-2] o.s.web.servlet.DispatcherServlet        : Completed initialization in 1 ms
2022-10-02 17:44:48.689 TRACE 22116 --- [http-nio-80-exec-8] c.f.b.service.impl.UserServiceImpl       : call check method
2022-10-02 17:47:10.678  INFO 22116 --- [SpringApplicationShutdownHook] com.alibaba.druid.pool.DruidDataSource   : {dataSource-1} closing ...
2022-10-02 17:47:10.683  INFO 22116 --- [SpringApplicationShutdownHook] com.alibaba.druid.pool.DruidDataSource   : {dataSource-1} closed
